<?xml version="1.0" encoding="UTF-8"?>
<testng-results skipped="0" failed="0" total="1" passed="1">
  <reporter-output>
  </reporter-output>
  <suite name="Default suite" duration-ms="10349" started-at="2020-04-29T11:37:06Z" finished-at="2020-04-29T11:37:16Z">
    <groups>
    </groups>
    <test name="Default test" duration-ms="10349" started-at="2020-04-29T11:37:06Z" finished-at="2020-04-29T11:37:16Z">
      <class name="test.Demo">
        <test-method status="PASS" signature="DemoClass()" name="DemoClass" duration-ms="10330" started-at="2020-04-29T11:37:06Z" finished-at="2020-04-29T11:37:16Z">
        </test-method>
      </class>
    </test>
  </suite>
</testng-results>
